# JRE version: OpenJDK Runtime Environment (8.0_242-b01) (build 1.8.0_242-release-1644-b01)
# Java VM: OpenJDK 64-Bit Server VM (25.242-b01 mixed mode windows-amd64 compressed oops)
Heap:
 PSYoungGen      total 228864K, used 188300K [0x00000000d5580000, 0x00000000ea800000, 0x0000000100000000)
  eden space 208896K, 80% used [0x00000000d5580000,0x00000000df9e5e60,0x00000000e2180000)
  from space 19968K, 99% used [0x00000000e2180000,0x00000000e34fd4c0,0x00000000e3500000)
  to   space 23552K, 0% used [0x00000000e9100000,0x00000000e9100000,0x00000000ea800000)
 ParOldGen       total 183296K, used 34316K [0x0000000080000000, 0x000000008b300000, 0x00000000d5580000)
  object space 183296K, 18% used [0x0000000080000000,0x00000000821832a8,0x000000008b300000)
 Metaspace       used 74768K, capacity 77764K, committed 78120K, reserved 1116160K
  class space    used 10018K, capacity 10673K, committed 10800K, reserved 1048576K
GC Heap History (10 events):
Event: 6.288 GC heap before
{Heap before GC invocations=10 (full 2):
 PSYoungGen      total 120320K, used 108544K [0x00000000d5580000, 0x00000000e1e00000, 0x0000000100000000)
  eden space 108544K, 100% used [0x00000000d5580000,0x00000000dbf80000,0x00000000dbf80000)
  from space 11776K, 0% used [0x00000000dbf80000,0x00000000dbf80000,0x00000000dcb00000)
  to   space 11776K, 0% used [0x00000000e1280000,0x00000000e1280000,0x00000000e1e00000)
 ParOldGen       total 143360K, used 15428K [0x0000000080000000, 0x0000000088c00000, 0x00000000d5580000)
  object space 143360K, 10% used [0x0000000080000000,0x0000000080f110d8,0x0000000088c00000)
 Metaspace       used 44278K, capacity 45700K, committed 45736K, reserved 1089536K
  class space    used 5985K, capacity 6318K, committed 6320K, reserved 1048576K
Event: 6.301 GC heap after
Heap after GC invocations=10 (full 2):
 PSYoungGen      total 173568K, used 11744K [0x00000000d5580000, 0x00000000e1e00000, 0x0000000100000000)
  eden space 161792K, 0% used [0x00000000d5580000,0x00000000d5580000,0x00000000df380000)
  from space 11776K, 99% used [0x00000000e1280000,0x00000000e1df8060,0x00000000e1e00000)
  to   space 13824K, 0% used [0x00000000e0300000,0x00000000e0300000,0x00000000e1080000)
 ParOldGen       total 143360K, used 17673K [0x0000000080000000, 0x0000000088c00000, 0x00000000d5580000)
  object space 143360K, 12% used [0x0000000080000000,0x00000000811425b8,0x0000000088c00000)
 Metaspace       used 44278K, capacity 45700K, committed 45736K, reserved 1089536K
  class space    used 5985K, capacity 6318K, committed 6320K, reserved 1048576K
}
Event: 8.340 GC heap before
{Heap before GC invocations=11 (full 2):
 PSYoungGen      total 173568K, used 173536K [0x00000000d5580000, 0x00000000e1e00000, 0x0000000100000000)
  eden space 161792K, 100% used [0x00000000d5580000,0x00000000df380000,0x00000000df380000)
  from space 11776K, 99% used [0x00000000e1280000,0x00000000e1df8060,0x00000000e1e00000)
  to   space 13824K, 0% used [0x00000000e0300000,0x00000000e0300000,0x00000000e1080000)
 ParOldGen       total 143360K, used 17673K [0x0000000080000000, 0x0000000088c00000, 0x00000000d5580000)
  object space 143360K, 12% used [0x0000000080000000,0x00000000811425b8,0x0000000088c00000)
 Metaspace       used 56868K, capacity 58932K, committed 59048K, reserved 1099776K
  class space    used 7775K, capacity 8265K, committed 8368K, reserved 1048576K
Event: 8.380 GC heap after
Heap after GC invocations=11 (full 2):
 PSYoungGen      total 191488K, used 13804K [0x00000000d5580000, 0x00000000e4900000, 0x0000000100000000)
  eden space 177664K, 0% used [0x00000000d5580000,0x00000000d5580000,0x00000000e0300000)
  from space 13824K, 99% used [0x00000000e0300000,0x00000000e107b310,0x00000000e1080000)
  to   space 20480K, 0% used [0x00000000e3500000,0x00000000e3500000,0x00000000e4900000)
 ParOldGen       total 143360K, used 31104K [0x0000000080000000, 0x0000000088c00000, 0x00000000d5580000)
  object space 143360K, 21% used [0x0000000080000000,0x0000000081e603d0,0x0000000088c00000)
 Metaspace       used 56868K, capacity 58932K, committed 59048K, reserved 1099776K
  class space    used 7775K, capacity 8265K, committed 8368K, reserved 1048576K
}
Event: 8.413 GC heap before
{Heap before GC invocations=12 (full 2):
 PSYoungGen      total 191488K, used 17556K [0x00000000d5580000, 0x00000000e4900000, 0x0000000100000000)
  eden space 177664K, 2% used [0x00000000d5580000,0x00000000d5929e50,0x00000000e0300000)
  from space 13824K, 99% used [0x00000000e0300000,0x00000000e107b310,0x00000000e1080000)
  to   space 20480K, 0% used [0x00000000e3500000,0x00000000e3500000,0x00000000e4900000)
 ParOldGen       total 143360K, used 31104K [0x0000000080000000, 0x0000000088c00000, 0x00000000d5580000)
  object space 143360K, 21% used [0x0000000080000000,0x0000000081e603d0,0x0000000088c00000)
 Metaspace       used 56989K, capacity 59028K, committed 59160K, reserved 1099776K
  class space    used 7806K, capacity 8297K, committed 8368K, reserved 1048576K
Event: 8.458 GC heap after
Heap after GC invocations=12 (full 2):
 PSYoungGen      total 229376K, used 8876K [0x00000000d5580000, 0x00000000e8100000, 0x0000000100000000)
  eden space 208896K, 0% used [0x00000000d5580000,0x00000000d5580000,0x00000000e2180000)
  from space 20480K, 43% used [0x00000000e3500000,0x00000000e3dab2e0,0x00000000e4900000)
  to   space 19968K, 0% used [0x00000000e2180000,0x00000000e2180000,0x00000000e3500000)
 ParOldGen       total 143360K, used 36129K [0x0000000080000000, 0x0000000088c00000, 0x00000000d5580000)
  object space 143360K, 25% used [0x0000000080000000,0x00000000823486f8,0x0000000088c00000)
 Metaspace       used 56989K, capacity 59028K, committed 59160K, reserved 1099776K
  class space    used 7806K, capacity 8297K, committed 8368K, reserved 1048576K
}
Event: 8.458 GC heap before
{Heap before GC invocations=13 (full 3):
 PSYoungGen      total 229376K, used 8876K [0x00000000d5580000, 0x00000000e8100000, 0x0000000100000000)
  eden space 208896K, 0% used [0x00000000d5580000,0x00000000d5580000,0x00000000e2180000)
  from space 20480K, 43% used [0x00000000e3500000,0x00000000e3dab2e0,0x00000000e4900000)
  to   space 19968K, 0% used [0x00000000e2180000,0x00000000e2180000,0x00000000e3500000)
 ParOldGen       total 143360K, used 36129K [0x0000000080000000, 0x0000000088c00000, 0x00000000d5580000)
  object space 143360K, 25% used [0x0000000080000000,0x00000000823486f8,0x0000000088c00000)
 Metaspace       used 56989K, capacity 59028K, committed 59160K, reserved 1099776K
  class space    used 7806K, capacity 8297K, committed 8368K, reserved 1048576K
Event: 8.686 GC heap after
Heap after GC invocations=13 (full 3):
 PSYoungGen      total 229376K, used 0K [0x00000000d5580000, 0x00000000e8100000, 0x0000000100000000)
  eden space 208896K, 0% used [0x00000000d5580000,0x00000000d5580000,0x00000000e2180000)
  from space 20480K, 0% used [0x00000000e3500000,0x00000000e3500000,0x00000000e4900000)
  to   space 19968K, 0% used [0x00000000e2180000,0x00000000e2180000,0x00000000e3500000)
 ParOldGen       total 183296K, used 30827K [0x0000000080000000, 0x000000008b300000, 0x00000000d5580000)
  object space 183296K, 16% used [0x0000000080000000,0x0000000081e1aeb8,0x000000008b300000)
 Metaspace       used 56982K, capacity 59004K, committed 59160K, reserved 1099776K
  class space    used 7804K, capacity 8293K, committed 8368K, reserved 1048576K
}
Event: 11.371 GC heap before
{Heap before GC invocations=14 (full 3):
 PSYoungGen      total 229376K, used 208896K [0x00000000d5580000, 0x00000000e8100000, 0x0000000100000000)
  eden space 208896K, 100% used [0x00000000d5580000,0x00000000e2180000,0x00000000e2180000)
  from space 20480K, 0% used [0x00000000e3500000,0x00000000e3500000,0x00000000e4900000)
  to   space 19968K, 0% used [0x00000000e2180000,0x00000000e2180000,0x00000000e3500000)
 ParOldGen       total 183296K, used 30827K [0x0000000080000000, 0x000000008b300000, 0x00000000d5580000)
  object space 183296K, 16% used [0x0000000080000000,0x0000000081e1aeb8,0x000000008b300000)
 Metaspace       used 63085K, capacity 65748K, committed 65832K, reserved 1105920K
  class space    used 8647K, capacity 9215K, committed 9264K, reserved 1048576K
Event: 11.393 GC heap after
Heap after GC invocations=14 (full 3):
 PSYoungGen      total 228864K, used 19957K [0x00000000d5580000, 0x00000000ea800000, 0x0000000100000000)
  eden space 208896K, 0% used [0x00000000d5580000,0x00000000d5580000,0x00000000e2180000)
  from space 19968K, 99% used [0x00000000e2180000,0x00000000e34fd4c0,0x00000000e3500000)
  to   space 23552K, 0% used [0x00000000e9100000,0x00000000e9100000,0x00000000ea800000)
 ParOldGen       total 183296K, used 34316K [0x0000000080000000, 0x000000008b300000, 0x00000000d5580000)
  object space 183296K, 18% used [0x0000000080000000,0x00000000821832a8,0x000000008b300000)
 Metaspace       used 63085K, capacity 65748K, committed 65832K, reserved 1105920K
  class space    used 8647K, capacity 9215K, committed 9264K, reserved 1048576K
}

